<?xml version="1.0" encoding="UTF-8"?>
<testng-results ignored="0" total="1" passed="1" failed="0" skipped="0">
  <reporter-output>
  </reporter-output>
  <suite started-at="2026-05-29T23:02:35 IST" name="Suite" finished-at="2026-05-29T23:02:48 IST" duration-ms="13932">
    <groups>
    </groups>
    <test started-at="2026-05-29T23:02:35 IST" name="Test" finished-at="2026-05-29T23:02:48 IST" duration-ms="13932">
      <class name="qa.testClass.ProductPageTest">
        <test-method is-config="true" signature="initPage()[pri:0, instance:qa.testClass.ProductPageTest@7d900ecf]" started-at="2026-05-29T23:02:35 IST" name="initPage" finished-at="2026-05-29T23:02:45 IST" duration-ms="10166" status="PASS">
          <reporter-output>
          </reporter-output>
        </test-method> <!-- initPage -->
        <test-method signature="validateProductPurchase()[pri:0, instance:qa.testClass.ProductPageTest@7d900ecf]" started-at="2026-05-29T23:02:45 IST" name="validateProductPurchase" finished-at="2026-05-29T23:02:47 IST" duration-ms="2142" status="PASS">
          <reporter-output>
          </reporter-output>
        </test-method> <!-- validateProductPurchase -->
        <test-method is-config="true" signature="tearDown()[pri:0, instance:qa.testClass.ProductPageTest@7d900ecf]" started-at="2026-05-29T23:02:47 IST" name="tearDown" finished-at="2026-05-29T23:02:48 IST" duration-ms="1527" status="PASS">
          <reporter-output>
          </reporter-output>
        </test-method> <!-- tearDown -->
      </class> <!-- qa.testClass.ProductPageTest -->
    </test> <!-- Test -->
  </suite> <!-- Suite -->
</testng-results>
